#! /c/Source/iverilog-install/bin/vvp
:ivl_version "12.0 (devel)" "(s20150603-1110-g18392a46)";
:ivl_delay_selection "TYPICAL";
:vpi_time_precision + 0;
:vpi_module "C:\iverilog\lib\ivl\system.vpi";
:vpi_module "C:\iverilog\lib\ivl\vhdl_sys.vpi";
:vpi_module "C:\iverilog\lib\ivl\vhdl_textio.vpi";
:vpi_module "C:\iverilog\lib\ivl\v2005_math.vpi";
:vpi_module "C:\iverilog\lib\ivl\va_math.vpi";
S_000001cb3606b070 .scope module, "mux_21_tb" "mux_21_tb" 2 2;
 .timescale 0 0;
v000001cb36082dc0_0 .var "a", 0 0;
v000001cb36082e60_0 .var "b", 0 0;
v000001cb36082f00_0 .var "s", 0 0;
v000001cb36082fa0_0 .net "y", 0 0, v000001cb36082d20_0;  1 drivers
E_000001cb360a7010 .event posedge, v000001cb36069d00_0;
S_000001cb3606b200 .scope module, "dut" "mux_21" 2 5, 3 1 0, S_000001cb3606b070;
 .timescale 0 0;
    .port_info 0 /INPUT 1 "a";
    .port_info 1 /INPUT 1 "b";
    .port_info 2 /INPUT 1 "s";
    .port_info 3 /OUTPUT 1 "y";
v000001cb360833d0_0 .net "a", 0 0, v000001cb36082dc0_0;  1 drivers
v000001cb360b6330_0 .net "b", 0 0, v000001cb36082e60_0;  1 drivers
v000001cb36069d00_0 .net "s", 0 0, v000001cb36082f00_0;  1 drivers
v000001cb36082d20_0 .var "y", 0 0;
E_000001cb360a6290 .event anyedge, v000001cb36069d00_0, v000001cb360b6330_0, v000001cb360833d0_0;
    .scope S_000001cb3606b200;
T_0 ;
    %wait E_000001cb360a6290;
    %load/vec4 v000001cb36069d00_0;
    %flag_set/vec4 8;
    %jmp/0xz  T_0.0, 8;
    %load/vec4 v000001cb360b6330_0;
    %cassign/vec4 v000001cb36082d20_0;
    %cassign/link v000001cb36082d20_0, v000001cb360b6330_0;
    %jmp T_0.1;
T_0.0 ;
    %load/vec4 v000001cb360833d0_0;
    %cassign/vec4 v000001cb36082d20_0;
    %cassign/link v000001cb36082d20_0, v000001cb360833d0_0;
T_0.1 ;
    %jmp T_0;
    .thread T_0, $push;
    .scope S_000001cb3606b070;
T_1 ;
    %vpi_call 2 7 "$dumpfile", "mux_21_waveform.vcd" {0 0 0};
    %vpi_call 2 8 "$dumpvars", 32'sb00000000000000000000000000000000, S_000001cb3606b070 {0 0 0};
    %delay 10, 0;
    %pushi/vec4 0, 0, 1;
    %store/vec4 v000001cb36082dc0_0, 0, 1;
    %pushi/vec4 0, 0, 1;
    %store/vec4 v000001cb36082e60_0, 0, 1;
    %pushi/vec4 0, 0, 1;
    %store/vec4 v000001cb36082f00_0, 0, 1;
    %delay 10, 0;
    %pushi/vec4 0, 0, 1;
    %store/vec4 v000001cb36082dc0_0, 0, 1;
    %pushi/vec4 1, 0, 1;
    %store/vec4 v000001cb36082e60_0, 0, 1;
    %pushi/vec4 0, 0, 1;
    %store/vec4 v000001cb36082f00_0, 0, 1;
    %delay 10, 0;
    %pushi/vec4 1, 0, 1;
    %store/vec4 v000001cb36082dc0_0, 0, 1;
    %pushi/vec4 0, 0, 1;
    %store/vec4 v000001cb36082e60_0, 0, 1;
    %pushi/vec4 1, 0, 1;
    %store/vec4 v000001cb36082f00_0, 0, 1;
    %delay 10, 0;
    %pushi/vec4 1, 0, 1;
    %store/vec4 v000001cb36082dc0_0, 0, 1;
    %pushi/vec4 1, 0, 1;
    %store/vec4 v000001cb36082e60_0, 0, 1;
    %pushi/vec4 1, 0, 1;
    %store/vec4 v000001cb36082f00_0, 0, 1;
    %delay 10, 0;
    %vpi_call 2 15 "$finish" {0 0 0};
    %end;
    .thread T_1;
    .scope S_000001cb3606b070;
T_2 ;
    %delay 5, 0;
    %load/vec4 v000001cb36082f00_0;
    %inv;
    %store/vec4 v000001cb36082f00_0, 0, 1;
    %jmp T_2;
    .thread T_2;
    .scope S_000001cb3606b070;
T_3 ;
    %wait E_000001cb360a7010;
    %vpi_call 2 21 "$display", "At time = %t, output = %d", $time, v000001cb36082fa0_0 {0 0 0};
    %jmp T_3;
    .thread T_3;
# The file index is used to find the file name in the following table.
:file_names 4;
    "N/A";
    "<interactive>";
    "mux_21_tb.v";
    "./mux_21.v";
